android/app/build/intermediates/manifest_merge_blame_file/debug/manifest-merger-blame-debug-report.txt
1<?xml version="1.0" encoding="utf-8"?>
2<manifest xmlns:android="http://schemas.android.com/apk/res/android"
3    package="com.theengine"
4    android:versionCode="1"
5    android:versionName="1.0" >
6
7    <uses-sdk
8        android:minSdkVersion="28"
9        android:targetSdkVersion="34" />
10
11    <application
11-->src\main\AndroidManifest.xml:3:5-20:19
12        android:debuggable="true"
12-->src\main\AndroidManifest.xml:6:9-34
13        android:extractNativeLibs="false"
14        android:hasCode="false"
14-->src\main\AndroidManifest.xml:5:9-32
15        android:label="TheEngine" >
15-->src\main\AndroidManifest.xml:4:9-34
16        <activity
16-->src\main\AndroidManifest.xml:7:9-19:20
17            android:name="android.app.NativeActivity"
17-->src\main\AndroidManifest.xml:8:13-54
18            android:configChanges="orientation|screenSize|keyboardHidden"
18-->src\main\AndroidManifest.xml:11:13-74
19            android:exported="true"
19-->src\main\AndroidManifest.xml:10:13-36
20            android:label="TheEngine" >
20-->src\main\AndroidManifest.xml:9:13-38
21            <meta-data
21-->src\main\AndroidManifest.xml:12:13-14:45
22                android:name="android.app.lib_name"
22-->src\main\AndroidManifest.xml:13:17-52
23                android:value="TheEngine" />
23-->src\main\AndroidManifest.xml:14:17-42
24
25            <intent-filter>
25-->src\main\AndroidManifest.xml:15:13-18:29
26                <action android:name="android.intent.action.MAIN" />
26-->src\main\AndroidManifest.xml:16:17-69
26-->src\main\AndroidManifest.xml:16:25-66
27
28                <category android:name="android.intent.category.LAUNCHER" />
28-->src\main\AndroidManifest.xml:17:17-77
28-->src\main\AndroidManifest.xml:17:27-74
29            </intent-filter>
30        </activity>
31    </application>
32
33</manifest>